{"/Users/paulocalixto/Documents/Projetos/PerfectPay/perfect-pay/src/components/atoms/BaseButton/BaseButton.vue": {"path":"/Users/paulocalixto/Documents/Projetos/PerfectPay/perfect-pay/src/components/atoms/BaseButton/BaseButton.vue","statementMap":{"0":{"start":{"line":25,"column":0},"end":{"line":25,"column":null}},"1":{"start":{"line":43,"column":0},"end":{"line":43,"column":null}},"2":{"start":{"line":48,"column":0},"end":{"line":48,"column":null}},"3":{"start":{"line":56,"column":0},"end":{"line":56,"column":null}}},"fnMap":{"0":{"name":"(anonymous_1)","decl":{"start":{"line":25,"column":0},"end":{"line":25,"column":null}},"loc":{"start":{"line":25,"column":0},"end":{"line":25,"column":null}}},"1":{"name":"(anonymous_2)","decl":{"start":{"line":42,"column":0},"end":{"line":42,"column":null}},"loc":{"start":{"line":42,"column":0},"end":{"line":46,"column":null}}},"2":{"name":"(anonymous_3)","decl":{"start":{"line":47,"column":0},"end":{"line":47,"column":null}},"loc":{"start":{"line":47,"column":0},"end":{"line":51,"column":null}}},"3":{"name":"(anonymous_4)","decl":{"start":{"line":55,"column":0},"end":{"line":55,"column":null}},"loc":{"start":{"line":55,"column":0},"end":{"line":57,"column":null}}}},"branchMap":{},"s":{"0":1600,"1":4,"2":4,"3":1},"f":{"0":1600,"1":4,"2":4,"3":1},"b":{}}
,"/Users/paulocalixto/Documents/Projetos/PerfectPay/perfect-pay/src/store/modules/products/actions.products.js": {"path":"/Users/paulocalixto/Documents/Projetos/PerfectPay/perfect-pay/src/store/modules/products/actions.products.js","statementMap":{"0":{"start":{"line":3,"column":4},"end":{"line":3,"column":35}},"1":{"start":{"line":6,"column":4},"end":{"line":6,"column":33}},"2":{"start":{"line":7,"column":4},"end":{"line":7,"column":32}},"3":{"start":{"line":10,"column":4},"end":{"line":10,"column":32}}},"fnMap":{"0":{"name":"(anonymous_0)","decl":{"start":{"line":2,"column":2},"end":{"line":2,"column":3}},"loc":{"start":{"line":2,"column":37},"end":{"line":4,"column":3}},"line":2},"1":{"name":"(anonymous_1)","decl":{"start":{"line":5,"column":2},"end":{"line":5,"column":3}},"loc":{"start":{"line":5,"column":35},"end":{"line":8,"column":3}},"line":5},"2":{"name":"(anonymous_2)","decl":{"start":{"line":9,"column":2},"end":{"line":9,"column":3}},"loc":{"start":{"line":9,"column":34},"end":{"line":11,"column":3}},"line":9}},"branchMap":{},"s":{"0":1,"1":1,"2":1,"3":1},"f":{"0":1,"1":1,"2":1},"b":{},"_coverageSchema":"43e27e138ebf9cfc5966b082cf9a028302ed4184","hash":"375fe2a4a9f2a7814f2f04bb91fcf9e1feb2f0fc"}
,"/Users/paulocalixto/Documents/Projetos/PerfectPay/perfect-pay/src/store/modules/products/getters.products.js": {"path":"/Users/paulocalixto/Documents/Projetos/PerfectPay/perfect-pay/src/store/modules/products/getters.products.js","statementMap":{},"fnMap":{},"branchMap":{},"s":{},"f":{},"b":{},"hash":"6c73d0dd265b22ed6c5158a433e4eafd2e1b8753"}
,"/Users/paulocalixto/Documents/Projetos/PerfectPay/perfect-pay/src/store/modules/products/mutations.products.js": {"path":"/Users/paulocalixto/Documents/Projetos/PerfectPay/perfect-pay/src/store/modules/products/mutations.products.js","statementMap":{"0":{"start":{"line":3,"column":4},"end":{"line":3,"column":28}},"1":{"start":{"line":6,"column":4},"end":{"line":6,"column":30}},"2":{"start":{"line":9,"column":4},"end":{"line":9,"column":25}}},"fnMap":{"0":{"name":"(anonymous_0)","decl":{"start":{"line":2,"column":2},"end":{"line":2,"column":3}},"loc":{"start":{"line":2,"column":31},"end":{"line":4,"column":3}},"line":2},"1":{"name":"(anonymous_1)","decl":{"start":{"line":5,"column":2},"end":{"line":5,"column":3}},"loc":{"start":{"line":5,"column":29},"end":{"line":7,"column":3}},"line":5},"2":{"name":"(anonymous_2)","decl":{"start":{"line":8,"column":2},"end":{"line":8,"column":3}},"loc":{"start":{"line":8,"column":28},"end":{"line":10,"column":3}},"line":8}},"branchMap":{},"s":{"0":1,"1":1,"2":1},"f":{"0":1,"1":1,"2":1},"b":{},"_coverageSchema":"43e27e138ebf9cfc5966b082cf9a028302ed4184","hash":"d43a4e3d9feb6a36846002eb602f8a87f5fc9c68"}
,"/Users/paulocalixto/Documents/Projetos/PerfectPay/perfect-pay/src/views/bill/Bill.vue": {"path":"/Users/paulocalixto/Documents/Projetos/PerfectPay/perfect-pay/src/views/bill/Bill.vue","statementMap":{"0":{"start":{"line":47,"column":0},"end":{"line":47,"column":null}},"1":{"start":{"line":48,"column":0},"end":{"line":48,"column":null}},"2":{"start":{"line":49,"column":0},"end":{"line":49,"column":null}},"3":{"start":{"line":50,"column":0},"end":{"line":50,"column":null}},"4":{"start":{"line":56,"column":0},"end":{"line":56,"column":null}},"5":{"start":{"line":105,"column":0},"end":{"line":105,"column":null}},"6":{"start":{"line":106,"column":0},"end":{"line":106,"column":null}},"7":{"start":{"line":107,"column":0},"end":{"line":107,"column":null}},"8":{"start":{"line":111,"column":0},"end":{"line":111,"column":null}},"9":{"start":{"line":115,"column":0},"end":{"line":115,"column":null}},"10":{"start":{"line":126,"column":0},"end":{"line":126,"column":null}},"11":{"start":{"line":127,"column":0},"end":{"line":127,"column":null}},"12":{"start":{"line":132,"column":0},"end":{"line":132,"column":null}},"13":{"start":{"line":136,"column":0},"end":{"line":136,"column":null}},"14":{"start":{"line":140,"column":0},"end":{"line":140,"column":null}},"15":{"start":{"line":145,"column":0},"end":{"line":145,"column":null}},"16":{"start":{"line":146,"column":0},"end":{"line":146,"column":null}},"17":{"start":{"line":150,"column":0},"end":{"line":150,"column":null}},"18":{"start":{"line":152,"column":0},"end":{"line":152,"column":null}},"19":{"start":{"line":160,"column":0},"end":{"line":160,"column":null}},"20":{"start":{"line":161,"column":0},"end":{"line":161,"column":null}},"21":{"start":{"line":164,"column":0},"end":{"line":164,"column":null}},"22":{"start":{"line":169,"column":0},"end":{"line":169,"column":null}},"23":{"start":{"line":173,"column":0},"end":{"line":173,"column":null}},"24":{"start":{"line":175,"column":0},"end":{"line":175,"column":null}},"25":{"start":{"line":179,"column":0},"end":{"line":182,"column":null}},"26":{"start":{"line":180,"column":0},"end":{"line":180,"column":null}},"27":{"start":{"line":181,"column":0},"end":{"line":181,"column":null}},"28":{"start":{"line":186,"column":0},"end":{"line":186,"column":null}},"29":{"start":{"line":187,"column":0},"end":{"line":187,"column":null}},"30":{"start":{"line":188,"column":0},"end":{"line":188,"column":null}},"31":{"start":{"line":193,"column":0},"end":{"line":193,"column":null}},"32":{"start":{"line":194,"column":0},"end":{"line":194,"column":null}},"33":{"start":{"line":197,"column":0},"end":{"line":197,"column":null}},"34":{"start":{"line":200,"column":0},"end":{"line":200,"column":null}},"35":{"start":{"line":206,"column":0},"end":{"line":208,"column":null}},"36":{"start":{"line":207,"column":0},"end":{"line":207,"column":null}},"37":{"start":{"line":209,"column":0},"end":{"line":209,"column":null}},"38":{"start":{"line":213,"column":0},"end":{"line":213,"column":null}}},"fnMap":{"0":{"name":"(anonymous_1)","decl":{"start":{"line":55,"column":0},"end":{"line":55,"column":null}},"loc":{"start":{"line":55,"column":0},"end":{"line":102,"column":null}}},"1":{"name":"(anonymous_2)","decl":{"start":{"line":105,"column":0},"end":{"line":105,"column":null}},"loc":{"start":{"line":105,"column":0},"end":{"line":105,"column":null}}},"2":{"name":"(anonymous_3)","decl":{"start":{"line":106,"column":0},"end":{"line":106,"column":null}},"loc":{"start":{"line":106,"column":0},"end":{"line":106,"column":null}}},"3":{"name":"(anonymous_4)","decl":{"start":{"line":107,"column":0},"end":{"line":107,"column":null}},"loc":{"start":{"line":107,"column":0},"end":{"line":107,"column":null}}},"4":{"name":"(anonymous_5)","decl":{"start":{"line":110,"column":0},"end":{"line":110,"column":null}},"loc":{"start":{"line":110,"column":0},"end":{"line":112,"column":null}}},"5":{"name":"(anonymous_6)","decl":{"start":{"line":111,"column":0},"end":{"line":111,"column":null}},"loc":{"start":{"line":111,"column":0},"end":{"line":111,"column":null}}},"6":{"name":"(anonymous_7)","decl":{"start":{"line":114,"column":0},"end":{"line":114,"column":null}},"loc":{"start":{"line":114,"column":0},"end":{"line":116,"column":null}}},"7":{"name":"(anonymous_8)","decl":{"start":{"line":125,"column":0},"end":{"line":125,"column":null}},"loc":{"start":{"line":125,"column":0},"end":{"line":128,"column":null}}},"8":{"name":"(anonymous_9)","decl":{"start":{"line":131,"column":0},"end":{"line":131,"column":null}},"loc":{"start":{"line":131,"column":0},"end":{"line":133,"column":null}}},"9":{"name":"(anonymous_10)","decl":{"start":{"line":135,"column":0},"end":{"line":135,"column":null}},"loc":{"start":{"line":135,"column":0},"end":{"line":137,"column":null}}},"10":{"name":"(anonymous_11)","decl":{"start":{"line":139,"column":0},"end":{"line":139,"column":null}},"loc":{"start":{"line":139,"column":0},"end":{"line":141,"column":null}}},"11":{"name":"(anonymous_12)","decl":{"start":{"line":140,"column":0},"end":{"line":140,"column":null}},"loc":{"start":{"line":140,"column":0},"end":{"line":140,"column":null}}},"12":{"name":"(anonymous_13)","decl":{"start":{"line":144,"column":0},"end":{"line":144,"column":null}},"loc":{"start":{"line":144,"column":0},"end":{"line":147,"column":null}}},"13":{"name":"(anonymous_14)","decl":{"start":{"line":149,"column":0},"end":{"line":149,"column":null}},"loc":{"start":{"line":149,"column":0},"end":{"line":156,"column":null}}},"14":{"name":"(anonymous_15)","decl":{"start":{"line":159,"column":0},"end":{"line":159,"column":null}},"loc":{"start":{"line":159,"column":0},"end":{"line":162,"column":null}}},"15":{"name":"(anonymous_16)","decl":{"start":{"line":163,"column":0},"end":{"line":163,"column":null}},"loc":{"start":{"line":163,"column":0},"end":{"line":165,"column":null}}},"16":{"name":"(anonymous_17)","decl":{"start":{"line":168,"column":0},"end":{"line":168,"column":null}},"loc":{"start":{"line":168,"column":0},"end":{"line":170,"column":null}}},"17":{"name":"(anonymous_18)","decl":{"start":{"line":172,"column":0},"end":{"line":172,"column":null}},"loc":{"start":{"line":172,"column":0},"end":{"line":176,"column":null}}},"18":{"name":"(anonymous_19)","decl":{"start":{"line":178,"column":0},"end":{"line":178,"column":null}},"loc":{"start":{"line":178,"column":0},"end":{"line":183,"column":null}}},"19":{"name":"(anonymous_20)","decl":{"start":{"line":185,"column":0},"end":{"line":185,"column":null}},"loc":{"start":{"line":185,"column":0},"end":{"line":189,"column":null}}},"20":{"name":"(anonymous_21)","decl":{"start":{"line":192,"column":0},"end":{"line":192,"column":null}},"loc":{"start":{"line":192,"column":0},"end":{"line":203,"column":null}}},"21":{"name":"(anonymous_22)","decl":{"start":{"line":205,"column":0},"end":{"line":205,"column":null}},"loc":{"start":{"line":205,"column":0},"end":{"line":210,"column":null}}},"22":{"name":"(anonymous_23)","decl":{"start":{"line":206,"column":0},"end":{"line":206,"column":null}},"loc":{"start":{"line":206,"column":0},"end":{"line":208,"column":null}}},"23":{"name":"(anonymous_24)","decl":{"start":{"line":212,"column":0},"end":{"line":212,"column":null}},"loc":{"start":{"line":212,"column":0},"end":{"line":214,"column":null}}}},"branchMap":{"0":{"loc":{"start":{"line":152,"column":0},"end":{"line":152,"column":null}},"type":"binary-expr","locations":[{"start":{"line":152,"column":0},"end":{"line":152,"column":null}},{"start":{"line":152,"column":0},"end":{"line":152,"column":null}},{"start":{"line":152,"column":0},"end":{"line":152,"column":null}}]},"1":{"loc":{"start":{"line":173,"column":0},"end":{"line":173,"column":null}},"type":"if","locations":[{"start":{"line":173,"column":0},"end":{"line":173,"column":null}},{"start":{"line":173,"column":0},"end":{"line":173,"column":null}}]},"2":{"loc":{"start":{"line":179,"column":0},"end":{"line":182,"column":null}},"type":"if","locations":[{"start":{"line":179,"column":0},"end":{"line":182,"column":null}},{"start":{"line":179,"column":0},"end":{"line":182,"column":null}}]},"3":{"loc":{"start":{"line":179,"column":0},"end":{"line":179,"column":null}},"type":"binary-expr","locations":[{"start":{"line":179,"column":0},"end":{"line":179,"column":null}},{"start":{"line":179,"column":0},"end":{"line":179,"column":null}}]},"4":{"loc":{"start":{"line":192,"column":0},"end":{"line":192,"column":null}},"type":"default-arg","locations":[{"start":{"line":192,"column":0},"end":{"line":192,"column":null}}]},"5":{"loc":{"start":{"line":194,"column":0},"end":{"line":194,"column":null}},"type":"if","locations":[{"start":{"line":194,"column":0},"end":{"line":194,"column":null}},{"start":{"line":194,"column":0},"end":{"line":194,"column":null}}]},"6":{"loc":{"start":{"line":200,"column":0},"end":{"line":200,"column":null}},"type":"cond-expr","locations":[{"start":{"line":200,"column":0},"end":{"line":200,"column":null}},{"start":{"line":200,"column":0},"end":{"line":200,"column":null}}]}},"s":{"0":1,"1":1,"2":1,"3":1,"4":10,"5":10,"6":6,"7":10,"8":731,"9":10,"10":10,"11":10,"12":817,"13":802,"14":50783,"15":1,"16":1,"17":1596,"18":798,"19":1,"20":1,"21":798,"22":1181,"23":4,"24":4,"25":6,"26":1,"27":1,"28":3,"29":3,"30":3,"31":5,"32":6,"33":5,"34":5,"35":9,"36":378,"37":9,"38":6},"f":{"0":10,"1":10,"2":6,"3":10,"4":17,"5":714,"6":10,"7":10,"8":817,"9":802,"10":1181,"11":49602,"12":1,"13":798,"14":1,"15":798,"16":1181,"17":4,"18":6,"19":3,"20":5,"21":9,"22":378,"23":6},"b":{"0":[798,796,76],"1":[4,4],"2":[1,5],"3":[6,1],"4":[5],"5":[1,4],"6":[3,2]}}
}
