TN:
SF:/Users/paulocalixto/Documents/Projetos/PerfectPay/perfect-pay/src/components/atoms/BaseButton/BaseButton.vue
FN:25,(anonymous_1)
FN:42,(anonymous_2)
FN:47,(anonymous_3)
FN:55,(anonymous_4)
FNF:4
FNH:4
FNDA:1600,(anonymous_1)
FNDA:4,(anonymous_2)
FNDA:4,(anonymous_3)
FNDA:1,(anonymous_4)
DA:25,1600
DA:43,4
DA:48,4
DA:56,1
LF:4
LH:4
BRF:0
BRH:0
end_of_record
TN:
SF:/Users/paulocalixto/Documents/Projetos/PerfectPay/perfect-pay/src/store/modules/products/actions.products.js
FN:2,(anonymous_0)
FN:5,(anonymous_1)
FN:9,(anonymous_2)
FNF:3
FNH:3
FNDA:1,(anonymous_0)
FNDA:1,(anonymous_1)
FNDA:1,(anonymous_2)
DA:3,1
DA:6,1
DA:7,1
DA:10,1
LF:4
LH:4
BRF:0
BRH:0
end_of_record
TN:
SF:/Users/paulocalixto/Documents/Projetos/PerfectPay/perfect-pay/src/store/modules/products/getters.products.js
FNF:0
FNH:0
LF:0
LH:0
BRF:0
BRH:0
end_of_record
TN:
SF:/Users/paulocalixto/Documents/Projetos/PerfectPay/perfect-pay/src/store/modules/products/mutations.products.js
FN:2,(anonymous_0)
FN:5,(anonymous_1)
FN:8,(anonymous_2)
FNF:3
FNH:3
FNDA:1,(anonymous_0)
FNDA:1,(anonymous_1)
FNDA:1,(anonymous_2)
DA:3,1
DA:6,1
DA:9,1
LF:3
LH:3
BRF:0
BRH:0
end_of_record
TN:
SF:/Users/paulocalixto/Documents/Projetos/PerfectPay/perfect-pay/src/views/bill/Bill.vue
FN:55,(anonymous_1)
FN:105,(anonymous_2)
FN:106,(anonymous_3)
FN:107,(anonymous_4)
FN:110,(anonymous_5)
FN:111,(anonymous_6)
FN:114,(anonymous_7)
FN:125,(anonymous_8)
FN:131,(anonymous_9)
FN:135,(anonymous_10)
FN:139,(anonymous_11)
FN:140,(anonymous_12)
FN:144,(anonymous_13)
FN:149,(anonymous_14)
FN:159,(anonymous_15)
FN:163,(anonymous_16)
FN:168,(anonymous_17)
FN:172,(anonymous_18)
FN:178,(anonymous_19)
FN:185,(anonymous_20)
FN:192,(anonymous_21)
FN:205,(anonymous_22)
FN:206,(anonymous_23)
FN:212,(anonymous_24)
FNF:24
FNH:24
FNDA:10,(anonymous_1)
FNDA:10,(anonymous_2)
FNDA:6,(anonymous_3)
FNDA:10,(anonymous_4)
FNDA:17,(anonymous_5)
FNDA:714,(anonymous_6)
FNDA:10,(anonymous_7)
FNDA:10,(anonymous_8)
FNDA:817,(anonymous_9)
FNDA:802,(anonymous_10)
FNDA:1181,(anonymous_11)
FNDA:49602,(anonymous_12)
FNDA:1,(anonymous_13)
FNDA:798,(anonymous_14)
FNDA:1,(anonymous_15)
FNDA:798,(anonymous_16)
FNDA:1181,(anonymous_17)
FNDA:4,(anonymous_18)
FNDA:6,(anonymous_19)
FNDA:3,(anonymous_20)
FNDA:5,(anonymous_21)
FNDA:9,(anonymous_22)
FNDA:378,(anonymous_23)
FNDA:6,(anonymous_24)
DA:47,1
DA:48,1
DA:49,1
DA:50,1
DA:56,10
DA:105,10
DA:106,6
DA:107,10
DA:111,731
DA:115,10
DA:126,10
DA:127,10
DA:132,817
DA:136,802
DA:140,50783
DA:145,1
DA:146,1
DA:150,1596
DA:152,798
DA:160,1
DA:161,1
DA:164,798
DA:169,1181
DA:173,4
DA:175,4
DA:179,6
DA:180,1
DA:181,1
DA:186,3
DA:187,3
DA:188,3
DA:193,5
DA:194,6
DA:197,5
DA:200,5
DA:206,9
DA:207,378
DA:209,9
DA:213,6
LF:39
LH:39
BRDA:152,0,0,798
BRDA:152,0,1,796
BRDA:152,0,2,76
BRDA:173,1,0,4
BRDA:173,1,1,4
BRDA:179,2,0,1
BRDA:179,2,1,5
BRDA:179,3,0,6
BRDA:179,3,1,1
BRDA:192,4,0,5
BRDA:194,5,0,1
BRDA:194,5,1,4
BRDA:200,6,0,3
BRDA:200,6,1,2
BRF:14
BRH:14
end_of_record
